
        SystemC 3.0.1-Accellera --- Jun 12 2026 09:59:43
        Copyright (c) 1996-2024 by all Contributors,
        ALL RIGHTS RESERVED
================================
cc_vrwrapper Library Test Suite
================================

=== Section 1: bool -> sc_lv ===
  [PASS] t.to_string() == 00000001
  [PASS] f.to_string() == 00000000
  [PASS] sc_cast<bool>(t) == 1
  [PASS] sc_cast<bool>(f) == 0

=== Section 2: integral -> sc_lv (basic) ===
  [PASS] sc_cast<sc_lv<8>>(0).to_string() == 00000000
  [PASS] sc_cast<sc_lv<8>>(1).to_string() == 00000001

Warning: sc_cast: Input type is larger than WIDTH, may cause overflow
In file: sc-cast-c++20/sc_lv.hpp:60
  [PASS] sc_cast<sc_lv<8>>(255).to_string() == 
Warning: sc_cast: Input type is larger than WIDTH, may cause overflow
In file: sc-cast-c++20/sc_lv.hpp:60
11111111
  [PASS] sc_cast<sc_lv<8>>(-1).to_string() == 11111111
  [PASS] sc_cast<sc_lv<8>>(-128).to_string() == 10000000

Warning: sc_cast: Input type is larger than WIDTH, may cause overflow
In file: sc-cast-c++20/sc_lv.hpp:60
  [PASS] sc_cast<sc_lv<16>>(0xCAFE).to_string() == 
Warning: sc_cast: Input type is larger than WIDTH, may cause overflow
In file: sc-cast-c++20/sc_lv.hpp:60
1100101011111110

=== Section 3: integral -> sc_lv (overflow / truncation) ===

Warning: sc_cast: Input type is larger than WIDTH, may cause overflow
In file: sc-cast-c++20/sc_lv.hpp:60
  [PASS] sc_cast<sc_lv<8>>(300).to_uint64() == 
Warning: sc_cast: Input type is larger than WIDTH, may cause overflow
In file: sc-cast-c++20/sc_lv.hpp:60
44

Warning: sc_cast: Input type is larger than WIDTH, may cause unsigned overflow
In file: sc-cast-c++20/sc_lv.hpp:64
  [PASS] sc_cast<sc_lv<8>>(0xDEADBEEFu).to_uint64() == 
Warning: sc_cast: Input type is larger than WIDTH, may cause unsigned overflow
In file: sc-cast-c++20/sc_lv.hpp:64
239

=== Section 4: integral -> sc_lv (MSB mode) ===

Warning: sc_cast: Input type is larger than WIDTH, may cause unsigned overflow
In file: sc-cast-c++20/sc_lv.hpp:64
  [PASS] sc_cast<sc_lv<8>>(v, "data", false).to_uint64() == 
Warning: sc_cast: Input type is larger than WIDTH, may cause unsigned overflow
In file: sc-cast-c++20/sc_lv.hpp:64
239

Info: sc_cast: MSB mode: keeping upper bits of input value
  [PASS] sc_cast<sc_lv<8>>(v, "data", true).to_uint64() == 
Info: sc_cast: MSB mode: keeping upper bits of input value
222
  [PASS] sc_cast<sc_lv<8>>(sv, "data", false).to_string() == 11111111

Info: sc_cast: MSB mode: keeping upper bits of input value
  [PASS] sc_cast<sc_lv<8>>(sv, "data", true).to_string() == 
Info: sc_cast: MSB mode: keeping upper bits of input value
11111111

=== Section 5: float -> sc_lv (bit-reinterpret) ===
  [PASS] approx 3.14 ≈ 3.14
  [PASS] one.to_uint64() == 1065353216
  [PASS] sc_cast<sc_lv<32>>(0.0f).to_uint64() == 0
  [PASS] sc_cast<sc_lv<32>>(-2.0f).to_uint64() == 3221225472

=== Section 6: double -> sc_lv (bit-reinterpret) ===
  [PASS] approx 3.14159 ≈ 3.14159
  [PASS] sc_cast<sc_lv<64>>(1.0).to_uint64() == 4607182418800017408
  [PASS] sc_cast<sc_lv<64>>(0.0).to_uint64() == 0

=== Section 7: string -> sc_lv (binary) ===
  [FAIL] sc_cast<sc_lv<8>>("0b1010").to_string() == "00001010" | got: 11111010 | expected: 00001010 | line 170
  [PASS] sc_cast<sc_lv<8>>("0b11111111").to_string() == 11111111
  [PASS] sc_cast<sc_lv<4>>("0b1010").to_string() == 1010
  [FAIL] sc_cast<sc_lv<8>>("1010", "data", 2).to_string() == "00001010" | got: 11111010 | expected: 00001010 | line 175
  [PASS] sc_cast<sc_lv<4>>("0b1X01").to_string() == 1X01
  [PASS] sc_cast<sc_lv<4>>("0b1Z01").to_string() == 1Z01

=== Section 8: string -> sc_lv (hex) ===
  [PASS] sc_cast<sc_lv<8>>("0xFF").to_string() == 11111111
  [PASS] sc_cast<sc_lv<8>>("0xCA").to_string() == 11001010
  [PASS] sc_cast<sc_lv<16>>("0xCAFE").to_string() == 1100101011111110
  [FAIL] sc_cast<sc_lv<8>>("0xX0").to_string() == "XXXX0000" | got: 00000XX0 | expected: XXXX0000 | line 190
  [FAIL] sc_cast<sc_lv<8>>("0xZ0").to_string() == "ZZZZ0000" | got: 00000XZ0 | expected: ZZZZ0000 | line 191

=== Section 9: string -> sc_lv (octal) ===
  [PASS] sc_cast<sc_lv<9>>("0777").to_string() == 111111111
  [FAIL] sc_cast<sc_lv<4>>("05").to_string() == "0101" | got: 1101 | expected: 0101 | line 200
  [FAIL] sc_cast<sc_lv<6>>("0X5").to_string() == "XXX101" | got: 010101 | expected: XXX101 | line 203

=== Section 10: string -> sc_lv (decimal) ===
  [PASS] sc_cast<sc_lv<8>>("0").to_string() == 00000000

Warning: sc_cast: Decimal value overflows max for WIDTH
In file: sc-cast-c++20/sc_lv.hpp:230

Warning: sc_cast: Input type is larger than WIDTH, may cause overflow
In file: sc-cast-c++20/sc_lv.hpp:60
  [PASS] sc_cast<sc_lv<8>>("255").to_string() == 
Warning: sc_cast: Decimal value overflows max for WIDTH
In file: sc-cast-c++20/sc_lv.hpp:230

Warning: sc_cast: Input type is larger than WIDTH, may cause overflow
In file: sc-cast-c++20/sc_lv.hpp:60
11111111
  [PASS] sc_cast<sc_lv<8>>("-1").to_string() == 11111111

Warning: sc_cast: Decimal value overflows max for WIDTH
In file: sc-cast-c++20/sc_lv.hpp:230
  [PASS] sc_cast<sc_lv<8>>("-128").to_string() == 
Warning: sc_cast: Decimal value overflows max for WIDTH
In file: sc-cast-c++20/sc_lv.hpp:230
10000000
  [PASS] sc_cast<sc_lv<16>>("65535", "address").to_string() == 1111111111111111

=== Section 11: string -> sc_lv (whitespace handling) ===

Warning: sc_cast: Whitespace found in input string — it was removed.
In file: sc-cast-c++20/sc_lv.hpp:118
  [FAIL] sc_cast<sc_lv<8>>("0b 1010").to_string() == "00001010" | got: 
Warning: sc_cast: Whitespace found in input string — it was removed.
In file: sc-cast-c++20/sc_lv.hpp:118
11111010 | expected: 00001010 | line 222

Warning: sc_cast: Whitespace found in input string — it was removed.
In file: sc-cast-c++20/sc_lv.hpp:118
  [PASS] sc_cast<sc_lv<8>>(" 0xFF ").to_string() == 
Warning: sc_cast: Whitespace found in input string — it was removed.
In file: sc-cast-c++20/sc_lv.hpp:118
11111111

Error: sc_cast: Invalid characters in binary string. X signal issue.
In file: sc-cast-c++20/sc_lv.hpp:136
